{
  "Unknown Test Framework": {
    "coverage": {
      "/home/aakriti/Documents/CIT 597 Web Programming/Assignment 2 - aakritis/Assignment_2_Part_2/Part1.rb": [
        null,
        1,
        null,
        1,
        1,
        null,
        1,
        null,
        1,
        1,
        1,
        null,
        null,
        1,
        null,
        null,
        1,
        null,
        null,
        1,
        null,
        1,
        1,
        null,
        null,
        1,
        null,
        1,
        null,
        null,
        null,
        1,
        null,
        null,
        1,
        null,
        null,
        1,
        null,
        1,
        null,
        null,
        null,
        null,
        null,
        null,
        null,
        1328,
        null,
        520,
        4,
        4,
        4,
        null,
        520,
        null,
        null,
        null,
        null,
        1,
        1
      ]
    },
    "timestamp": 1430384671
  },
  "RSpec": {
    "coverage": {
      "/home/aakriti/Documents/CIT 597 Web Programming/Assignment 2 - aakritis/Assignment_2_Part_2/Part1.rb": [
        null,
        1,
        null,
        1,
        1,
        null,
        1,
        null,
        1,
        1,
        1,
        null,
        null,
        1,
        null,
        null,
        1,
        null,
        null,
        1,
        null,
        1,
        1,
        null,
        null,
        1,
        null,
        1,
        null,
        null,
        null,
        1,
        null,
        null,
        1,
        null,
        null,
        1,
        null,
        1,
        null,
        null,
        null,
        null,
        null,
        null,
        null,
        1328,
        null,
        520,
        4,
        4,
        4,
        null,
        520,
        null,
        null,
        null,
        null,
        1,
        1
      ],
      "/home/aakriti/Documents/CIT 597 Web Programming/Assignment 2 - aakritis/Assignment_2_Part_2/Part2.rb": [
        null,
        1,
        null,
        1,
        1,
        null,
        1,
        1,
        null,
        1,
        1,
        1,
        null,
        null,
        1,
        null,
        null,
        1,
        null,
        null,
        1,
        null,
        1,
        null,
        1,
        32,
        null,
        null,
        1,
        null,
        null,
        1,
        null,
        null,
        null,
        null,
        null,
        1,
        null,
        null,
        1,
        1,
        0,
        null,
        1,
        null,
        null,
        1,
        null,
        907,
        null,
        null,
        1,
        149,
        null,
        1,
        null,
        null,
        null,
        1,
        1,
        null,
        1,
        null,
        379,
        null,
        null,
        379,
        1,
        1,
        null,
        379,
        null,
        null,
        null,
        null,
        null,
        1,
        1
      ],
      "/home/aakriti/Documents/CIT 597 Web Programming/Assignment 2 - aakritis/Assignment_2_Part_2/Part3.rb": [
        null,
        1,
        null,
        1,
        1,
        null,
        1,
        1,
        null,
        1,
        1,
        1,
        null,
        1,
        null,
        null,
        1,
        null,
        null,
        1,
        null,
        null,
        null,
        1,
        null,
        1,
        null,
        47,
        47,
        1,
        null,
        1,
        null,
        null,
        1,
        null,
        null,
        1,
        null,
        null,
        null,
        1,
        0,
        null,
        1,
        null,
        1,
        null,
        null,
        null,
        1,
        null,
        null,
        1,
        null,
        null,
        null,
        513,
        513,
        1368,
        427,
        941,
        null,
        427,
        null,
        null,
        427,
        null,
        437,
        11,
        null,
        null,
        null,
        1368,
        null,
        null,
        null,
        1,
        1,
        null,
        null,
        null,
        null,
        1,
        1
      ],
      "/home/aakriti/Documents/CIT 597 Web Programming/Assignment 2 - aakritis/Assignment_2_Part_2/Part4.rb": [
        null,
        null,
        null,
        null,
        null,
        null,
        null,
        null,
        null,
        null,
        null,
        null,
        null,
        null,
        null,
        null,
        null,
        null,
        null,
        null,
        null,
        null,
        null,
        null,
        null,
        null,
        null,
        null,
        null,
        null,
        null,
        null,
        null,
        null,
        null,
        null,
        null,
        null,
        null,
        null,
        null,
        null,
        null,
        null,
        null,
        null,
        null,
        null,
        null,
        null,
        null,
        null,
        null,
        null,
        null,
        null,
        null,
        null,
        null,
        null,
        null,
        null,
        null,
        null,
        null,
        null,
        null,
        null,
        null,
        null,
        null,
        null,
        null,
        null,
        null,
        null,
        null,
        null,
        null,
        null,
        null,
        null,
        null,
        null,
        null,
        null,
        null,
        null,
        null,
        null,
        null,
        null,
        null,
        null,
        null
      ]
    },
    "timestamp": 1430429920
  }
}
